2026-04-20 20:28:41,320 - INFO - ============================================================
2026-04-20 20:28:41,321 - INFO - 批量导入 arXiv 论文（优化版 - 并发下载 + 重试 + 进度条）
2026-04-20 20:28:41,324 - INFO - ============================================================
2026-04-20 20:28:41,324 - INFO - 配置参数:
2026-04-20 20:28:41,324 - INFO -   并发线程数: 3
2026-04-20 20:28:41,324 - INFO -   最大重试次数: 3
2026-04-20 20:28:41,324 - INFO -   批量向量化阈值: 10 篇
2026-04-20 20:28:41,324 - INFO - ============================================================
2026-04-20 20:28:41,334 - INFO - ✅ 目录检查完成
2026-04-20 20:30:03,703 - INFO - ============================================================
2026-04-20 20:30:03,704 - INFO - 批量导入 arXiv 论文（优化版 - 并发下载 + 重试 + 进度条）
2026-04-20 20:30:03,705 - INFO - ============================================================
2026-04-20 20:30:03,705 - INFO - 配置参数:
2026-04-20 20:30:03,705 - INFO -   并发线程数: 3
2026-04-20 20:30:03,705 - INFO -   最大重试次数: 3
2026-04-20 20:30:03,705 - INFO -   批量向量化阈值: 10 篇
2026-04-20 20:30:03,705 - INFO - ============================================================
2026-04-20 20:30:03,705 - INFO - ✅ 目录检查完成
2026-04-20 20:34:39,321 - INFO - ============================================================
2026-04-20 20:34:39,321 - INFO - 批量导入 arXiv 论文（优化版 - 并发下载 + 重试 + 进度条）
2026-04-20 20:34:39,321 - INFO - ============================================================
2026-04-20 20:34:39,321 - INFO - 配置参数:
2026-04-20 20:34:39,321 - INFO -   并发线程数: 3
2026-04-20 20:34:39,321 - INFO -   最大重试次数: 3
2026-04-20 20:34:39,323 - INFO -   批量向量化阈值: 10 篇
2026-04-20 20:34:39,323 - INFO - ============================================================
2026-04-20 20:34:39,323 - INFO - ✅ 目录检查完成
2026-04-20 20:35:55,283 - INFO - ============================================================
2026-04-20 20:35:55,284 - INFO - 批量导入 arXiv 论文（优化版 - 并发下载 + 重试 + 进度条）
2026-04-20 20:35:55,284 - INFO - ============================================================
2026-04-20 20:35:55,284 - INFO - 配置参数:
2026-04-20 20:35:55,284 - INFO -   并发线程数: 3
2026-04-20 20:35:55,284 - INFO -   最大重试次数: 3
2026-04-20 20:35:55,284 - INFO -   批量向量化阈值: 10 篇
2026-04-20 20:35:55,284 - INFO - ============================================================
2026-04-20 20:35:55,285 - INFO - ✅ 目录检查完成
2026-04-20 20:35:55,392 - INFO - 
📊 当前入库统计:
2026-04-20 20:35:55,393 - INFO -    总论文数: 0
2026-04-20 20:35:55,393 - INFO -    已向量化: 0
2026-04-20 20:35:55,393 - INFO -    待向量化: 0
2026-04-20 20:35:55,393 - INFO -    按分类: {}
2026-04-20 20:35:55,393 - INFO - 
============================================================
2026-04-20 20:35:55,393 - INFO - 恢复失败的论文
2026-04-20 20:35:55,393 - INFO - ============================================================
2026-04-20 20:35:55,395 - INFO - ✅ 没有失败的论文需要恢复
2026-04-20 20:35:55,395 - INFO - 
============================================================
2026-04-20 20:35:55,395 - INFO - 开始处理分类: cs.CL
2026-04-20 20:35:55,395 - INFO - 目标数量: 400
2026-04-20 20:35:55,395 - INFO - 并发线程数: 3
2026-04-20 20:35:55,395 - INFO - ============================================================
2026-04-20 20:35:55,396 - INFO - 还需要下载: 400 篇
2026-04-20 20:35:55,397 - INFO - 
📅 搜索年份: 2026
2026-04-20 20:35:55,397 - INFO - Requesting page (first: True, try: 0): https://export.arxiv.org/api/query?search_query=cat%3Acs.CL+AND+submittedDate%3A%5B202601010000+TO+202612312359%5D&id_list=&sortBy=submittedDate&sortOrder=descending&start=0&max_results=50
2026-04-20 20:35:58,039 - INFO - Got first page: 50 of 7547 total results
2026-04-20 20:35:58,041 - INFO -   找到 50 篇新论文，累计 50 篇
2026-04-20 20:36:01,042 - INFO - 
📅 搜索年份: 2025
2026-04-20 20:36:01,043 - INFO - Requesting page (first: True, try: 0): https://export.arxiv.org/api/query?search_query=cat%3Acs.CL+AND+submittedDate%3A%5B202501010000+TO+202512312359%5D&id_list=&sortBy=submittedDate&sortOrder=descending&start=0&max_results=50
2026-04-20 20:36:05,061 - INFO - Got first page: 50 of 23754 total results
2026-04-20 20:36:05,064 - INFO -   找到 50 篇新论文，累计 100 篇
2026-04-20 20:36:08,065 - INFO - 
📅 搜索年份: 2024
2026-04-20 20:36:08,066 - INFO - Requesting page (first: True, try: 0): https://export.arxiv.org/api/query?search_query=cat%3Acs.CL+AND+submittedDate%3A%5B202401010000+TO+202412312359%5D&id_list=&sortBy=submittedDate&sortOrder=descending&start=0&max_results=50
2026-04-20 20:36:15,470 - INFO - Got first page: 50 of 20689 total results
2026-04-20 20:36:15,472 - INFO -   找到 50 篇新论文，累计 150 篇
2026-04-20 20:36:18,474 - INFO - 
📅 搜索年份: 2023
2026-04-20 20:36:18,474 - INFO - Requesting page (first: True, try: 0): https://export.arxiv.org/api/query?search_query=cat%3Acs.CL+AND+submittedDate%3A%5B202301010000+TO+202312312359%5D&id_list=&sortBy=submittedDate&sortOrder=descending&start=0&max_results=50
2026-04-20 20:36:23,216 - INFO - Got first page: 50 of 13601 total results
2026-04-20 20:36:23,218 - INFO -   找到 50 篇新论文，累计 200 篇
2026-04-20 20:36:26,219 - INFO - 
📅 搜索年份: 2022
2026-04-20 20:36:26,220 - INFO - Requesting page (first: True, try: 0): https://export.arxiv.org/api/query?search_query=cat%3Acs.CL+AND+submittedDate%3A%5B202201010000+TO+202212312359%5D&id_list=&sortBy=submittedDate&sortOrder=descending&start=0&max_results=50
2026-04-20 20:36:32,272 - INFO - Got first page: 50 of 8971 total results
2026-04-20 20:36:32,275 - INFO -   找到 50 篇新论文，累计 250 篇
2026-04-20 20:36:35,276 - INFO - 
📅 搜索年份: 2021
2026-04-20 20:36:35,276 - INFO - Requesting page (first: True, try: 0): https://export.arxiv.org/api/query?search_query=cat%3Acs.CL+AND+submittedDate%3A%5B202101010000+TO+202112312359%5D&id_list=&sortBy=submittedDate&sortOrder=descending&start=0&max_results=50
2026-04-20 20:36:39,580 - INFO - Got first page: 50 of 8083 total results
2026-04-20 20:36:39,582 - INFO -   找到 50 篇新论文，累计 300 篇
2026-04-20 20:36:42,583 - INFO - 
📅 搜索年份: 2020
2026-04-20 20:36:42,584 - INFO - Requesting page (first: True, try: 0): https://export.arxiv.org/api/query?search_query=cat%3Acs.CL+AND+submittedDate%3A%5B202001010000+TO+202012312359%5D&id_list=&sortBy=submittedDate&sortOrder=descending&start=0&max_results=50
2026-04-20 20:36:50,309 - INFO - Got first page: 50 of 7125 total results
2026-04-20 20:36:50,311 - INFO -   找到 50 篇新论文，累计 350 篇
2026-04-20 20:36:53,312 - INFO - 
📅 搜索年份: 2019
2026-04-20 20:36:53,316 - INFO - Requesting page (first: True, try: 0): https://export.arxiv.org/api/query?search_query=cat%3Acs.CL+AND+submittedDate%3A%5B201901010000+TO+201912312359%5D&id_list=&sortBy=submittedDate&sortOrder=descending&start=0&max_results=50
2026-04-20 20:36:57,166 - INFO - Got first page: 50 of 5393 total results
2026-04-20 20:36:57,168 - INFO -   找到 50 篇新论文，累计 400 篇
2026-04-20 20:37:00,170 - INFO - 
📚 共需处理 400 篇论文
2026-04-20 20:37:00,176 - INFO - Requesting page (first: True, try: 0): https://export.arxiv.org/api/query?search_query=&id_list=2604.16278&sortBy=relevance&sortOrder=descending&start=0&max_results=50
2026-04-20 20:37:00,176 - INFO - Requesting page (first: True, try: 0): https://export.arxiv.org/api/query?search_query=&id_list=2604.16275&sortBy=relevance&sortOrder=descending&start=0&max_results=50
2026-04-20 20:37:00,176 - INFO - Requesting page (first: True, try: 0): https://export.arxiv.org/api/query?search_query=&id_list=2604.16272&sortBy=relevance&sortOrder=descending&start=0&max_results=50
2026-04-20 20:37:01,219 - INFO - Got first page: 1 of 1 total results
2026-04-20 20:37:01,398 - INFO - Got first page: 1 of 1 total results
2026-04-20 20:37:03,091 - INFO - Got first page: 1 of 1 total results
2026-04-20 20:37:29,163 - INFO - Requesting page (first: True, try: 0): https://export.arxiv.org/api/query?search_query=&id_list=2604.16270&sortBy=relevance&sortOrder=descending&start=0&max_results=50
2026-04-20 20:37:30,901 - INFO - Got first page: 1 of 1 total results
2026-04-20 20:37:37,984 - INFO - Requesting page (first: True, try: 0): https://export.arxiv.org/api/query?search_query=&id_list=2604.16262&sortBy=relevance&sortOrder=descending&start=0&max_results=50
2026-04-20 20:37:38,914 - INFO - Got first page: 1 of 1 total results
2026-04-20 20:37:40,952 - INFO - Sleeping: 0.961169 seconds
2026-04-20 20:37:41,914 - INFO - Requesting page (first: True, try: 0): https://export.arxiv.org/api/query?search_query=&id_list=2604.16256&sortBy=relevance&sortOrder=descending&start=0&max_results=50
2026-04-20 20:37:42,473 - INFO - Got first page: 1 of 1 total results
2026-04-20 20:37:50,353 - INFO - Requesting page (first: True, try: 0): https://export.arxiv.org/api/query?search_query=&id_list=2604.16242&sortBy=relevance&sortOrder=descending&start=0&max_results=50
2026-04-20 20:37:51,689 - INFO - Got first page: 1 of 1 total results
2026-04-20 20:38:08,781 - INFO - Requesting page (first: True, try: 0): https://export.arxiv.org/api/query?search_query=&id_list=2604.16241&sortBy=relevance&sortOrder=descending&start=0&max_results=50
2026-04-20 20:38:09,408 - INFO - Got first page: 1 of 1 total results
2026-04-20 20:38:37,081 - INFO - Requesting page (first: True, try: 0): https://export.arxiv.org/api/query?search_query=&id_list=2604.16235&sortBy=relevance&sortOrder=descending&start=0&max_results=50
2026-04-20 20:38:37,892 - INFO - Got first page: 1 of 1 total results
2026-04-20 20:38:39,977 - INFO - Sleeping: 0.913129 seconds
2026-04-20 20:38:40,895 - INFO - Requesting page (first: True, try: 0): https://export.arxiv.org/api/query?search_query=&id_list=2604.16217&sortBy=relevance&sortOrder=descending&start=0&max_results=50
2026-04-20 20:38:41,696 - INFO - Got first page: 1 of 1 total results
2026-04-20 20:39:16,037 - INFO - Requesting page (first: True, try: 0): https://export.arxiv.org/api/query?search_query=&id_list=2604.16171&sortBy=relevance&sortOrder=descending&start=0&max_results=50
2026-04-20 20:39:16,463 - INFO - Got first page: 1 of 1 total results
2026-04-20 20:39:37,760 - INFO - Requesting page (first: True, try: 0): https://export.arxiv.org/api/query?search_query=&id_list=2604.16158&sortBy=relevance&sortOrder=descending&start=0&max_results=50
2026-04-20 20:39:38,201 - INFO - Got first page: 1 of 1 total results
2026-04-20 20:39:38,669 - INFO - Sleeping: 2.530320 seconds
2026-04-20 20:39:38,863 - INFO - Loading SentenceTransformer model from C:\Users\35717\Desktop\my_rag_project\models\paraphrase-multilingual-MiniLM-L12-v2.
2026-04-20 20:39:39,882 - INFO - 📦 批量写入向量库: 745 个 chunks（来自 10 篇论文）
2026-04-20 20:39:41,201 - INFO - Requesting page (first: True, try: 0): https://export.arxiv.org/api/query?search_query=&id_list=2604.16146&sortBy=relevance&sortOrder=descending&start=0&max_results=50
2026-04-20 20:39:41,675 - INFO - Got first page: 1 of 1 total results
2026-04-20 20:39:51,006 - INFO - Requesting page (first: True, try: 0): https://export.arxiv.org/api/query?search_query=&id_list=2604.16138&sortBy=relevance&sortOrder=descending&start=0&max_results=50
2026-04-20 20:39:51,600 - INFO - Got first page: 1 of 1 total results
2026-04-20 20:39:55,045 - DEBUG - Building prefix dict from the default dictionary ...
2026-04-20 20:39:55,373 - DEBUG - Dumping model to file cache C:\Users\35717\AppData\Local\Temp\jieba.cache
2026-04-20 20:39:55,405 - DEBUG - Loading model cost 0.359 seconds.
2026-04-20 20:39:55,405 - DEBUG - Prefix dict has been built successfully.
2026-04-20 20:39:55,982 - INFO -   ✅ 新建成功
2026-04-20 20:39:56,000 - INFO -   ✅ 已标记 10 篇论文为已向量化
2026-04-20 20:40:25,430 - INFO - Requesting page (first: True, try: 0): https://export.arxiv.org/api/query?search_query=&id_list=2604.16132&sortBy=relevance&sortOrder=descending&start=0&max_results=50
2026-04-20 20:40:26,006 - INFO - Got first page: 1 of 1 total results
2026-04-20 20:40:27,758 - INFO - Sleeping: 1.245242 seconds
2026-04-20 20:40:29,005 - INFO - Requesting page (first: True, try: 0): https://export.arxiv.org/api/query?search_query=&id_list=2604.16058&sortBy=relevance&sortOrder=descending&start=0&max_results=50
2026-04-20 20:40:30,629 - INFO - Got first page: 1 of 1 total results
2026-04-20 20:40:34,315 - INFO - Requesting page (first: True, try: 0): https://export.arxiv.org/api/query?search_query=&id_list=2604.16042&sortBy=relevance&sortOrder=descending&start=0&max_results=50
2026-04-20 20:40:35,030 - INFO - Got first page: 1 of 1 total results
2026-04-20 20:40:42,206 - INFO - Requesting page (first: True, try: 0): https://export.arxiv.org/api/query?search_query=&id_list=2604.16037&sortBy=relevance&sortOrder=descending&start=0&max_results=50
2026-04-20 20:40:43,015 - INFO - Got first page: 1 of 1 total results
2026-04-20 20:40:50,623 - INFO - Requesting page (first: True, try: 0): https://export.arxiv.org/api/query?search_query=&id_list=2604.16029&sortBy=relevance&sortOrder=descending&start=0&max_results=50
2026-04-20 20:40:51,155 - INFO - Got first page: 1 of 1 total results
2026-04-20 20:40:57,105 - INFO - Requesting page (first: True, try: 0): https://export.arxiv.org/api/query?search_query=&id_list=2604.16027&sortBy=relevance&sortOrder=descending&start=0&max_results=50
2026-04-20 20:40:57,892 - INFO - Got first page: 1 of 1 total results
2026-04-20 20:41:12,505 - INFO - Requesting page (first: True, try: 0): https://export.arxiv.org/api/query?search_query=&id_list=2604.16004&sortBy=relevance&sortOrder=descending&start=0&max_results=50
2026-04-20 20:41:12,986 - INFO - Got first page: 1 of 1 total results
2026-04-20 20:41:32,170 - INFO - Requesting page (first: True, try: 0): https://export.arxiv.org/api/query?search_query=&id_list=2604.15998&sortBy=relevance&sortOrder=descending&start=0&max_results=50
2026-04-20 20:41:32,616 - INFO - Got first page: 1 of 1 total results
2026-04-20 20:42:04,045 - INFO - 📦 批量写入向量库: 709 个 chunks（来自 10 篇论文）
2026-04-20 20:42:04,045 - INFO - Requesting page (first: True, try: 0): https://export.arxiv.org/api/query?search_query=&id_list=2604.15972&sortBy=relevance&sortOrder=descending&start=0&max_results=50
2026-04-20 20:42:04,485 - INFO - Got first page: 1 of 1 total results
2026-04-20 20:42:10,659 - INFO -   ✅ 追加成功
2026-04-20 20:42:10,666 - INFO -   ✅ 已标记 10 篇论文为已向量化
2026-04-20 20:44:36,260 - INFO - Requesting page (first: True, try: 0): https://export.arxiv.org/api/query?search_query=&id_list=2604.15958&sortBy=relevance&sortOrder=descending&start=0&max_results=50
2026-04-20 20:44:36,723 - INFO - Got first page: 1 of 1 total results
2026-04-20 20:44:56,335 - INFO - Requesting page (first: True, try: 0): https://export.arxiv.org/api/query?search_query=&id_list=2604.15945&sortBy=relevance&sortOrder=descending&start=0&max_results=50
2026-04-20 20:44:56,888 - INFO - Got first page: 1 of 1 total results
2026-04-20 20:45:36,928 - INFO - Requesting page (first: True, try: 0): https://export.arxiv.org/api/query?search_query=&id_list=2604.15937&sortBy=relevance&sortOrder=descending&start=0&max_results=50
2026-04-20 20:45:37,464 - INFO - Got first page: 1 of 1 total results
2026-04-20 20:46:20,577 - INFO - Requesting page (first: True, try: 0): https://export.arxiv.org/api/query?search_query=&id_list=2604.15929&sortBy=relevance&sortOrder=descending&start=0&max_results=50
2026-04-20 20:46:20,968 - INFO - Got first page: 1 of 1 total results
2026-04-20 20:46:29,645 - INFO - Requesting page (first: True, try: 0): https://export.arxiv.org/api/query?search_query=&id_list=2604.15882&sortBy=relevance&sortOrder=descending&start=0&max_results=50
2026-04-20 20:46:30,100 - INFO - Got first page: 1 of 1 total results
2026-04-20 20:47:23,622 - INFO - Requesting page (first: True, try: 0): https://export.arxiv.org/api/query?search_query=&id_list=2604.15877&sortBy=relevance&sortOrder=descending&start=0&max_results=50
2026-04-20 20:47:24,180 - INFO - Got first page: 1 of 1 total results
2026-04-20 20:47:29,493 - INFO - Requesting page (first: True, try: 0): https://export.arxiv.org/api/query?search_query=&id_list=2604.15873&sortBy=relevance&sortOrder=descending&start=0&max_results=50
2026-04-20 20:47:29,992 - INFO - Got first page: 1 of 1 total results
2026-04-20 20:47:31,273 - INFO - Sleeping: 1.717436 seconds
2026-04-20 20:47:32,991 - INFO - Requesting page (first: True, try: 0): https://export.arxiv.org/api/query?search_query=&id_list=2604.15866&sortBy=relevance&sortOrder=descending&start=0&max_results=50
2026-04-20 20:47:33,540 - INFO - Got first page: 1 of 1 total results
2026-04-20 20:47:47,043 - INFO - Requesting page (first: True, try: 0): https://export.arxiv.org/api/query?search_query=&id_list=2604.15847&sortBy=relevance&sortOrder=descending&start=0&max_results=50
2026-04-20 20:47:47,553 - INFO - Got first page: 1 of 1 total results
2026-04-20 20:49:42,689 - INFO - 📦 批量写入向量库: 734 个 chunks（来自 10 篇论文）
2026-04-20 20:49:42,690 - INFO - Requesting page (first: True, try: 0): https://export.arxiv.org/api/query?search_query=&id_list=2604.15842&sortBy=relevance&sortOrder=descending&start=0&max_results=50
2026-04-20 20:49:43,360 - INFO - Got first page: 1 of 1 total results
2026-04-20 20:49:49,580 - INFO -   ✅ 追加成功
2026-04-20 20:49:49,586 - INFO -   ✅ 已标记 10 篇论文为已向量化
2026-04-20 20:50:05,294 - INFO - Requesting page (first: True, try: 0): https://export.arxiv.org/api/query?search_query=&id_list=2604.15841&sortBy=relevance&sortOrder=descending&start=0&max_results=50
2026-04-20 20:50:05,853 - INFO - Got first page: 1 of 1 total results
2026-04-20 20:51:03,681 - INFO - Requesting page (first: True, try: 0): https://export.arxiv.org/api/query?search_query=&id_list=2604.15840&sortBy=relevance&sortOrder=descending&start=0&max_results=50
2026-04-20 20:51:04,188 - INFO - Got first page: 1 of 1 total results
